[2017-04-27][11:31:32.395397506][INFO][rust_keylock] Starting rust-keylock...
[2017-04-27][11:31:32.395492894][DEBUG][rust_keylock::file_handler] Loading Properties from .props
[2017-04-27][11:31:32.395511649][DEBUG][rust_keylock::file_handler] Full Path to load properties from: "/home/dimitris/.rust-keylock/.props"
[2017-04-27][11:31:32.395527916][DEBUG][rust_keylock::file_handler] Encrypted file does not exist. Initializing...
[2017-04-27][11:31:32.395539814][DEBUG][rust_keylock::file_handler] Directories created successfully
[2017-04-27][11:31:32.395547204][INFO][rust_keylock::file_handler] Saving Properties in .props
[2017-04-27][11:31:32.395585759][INFO][rust_keylock::file_handler] Properties saved in .props. Syncing...
[2017-04-27][11:31:36.290433990][DEBUG][rust_keylock::file_handler] Creating bcryptor
[2017-04-27][11:31:36.290477176][DEBUG][rust_keylock::file_handler] Full Path: "/home/dimitris/.rust-keylock/.sec"
[2017-04-27][11:31:36.290494213][DEBUG][rust_keylock::file_handler] Encrypted file does not exist. Initializing salt and iv
[2017-04-27][11:31:36.297952123][DEBUG][rust_keylock::file_handler] Loading .sec
[2017-04-27][11:31:36.297976145][DEBUG][rust_keylock::file_handler] Full Path to load: "/home/dimitris/.rust-keylock/.sec"
[2017-04-27][11:31:36.297988391][DEBUG][rust_keylock::file_handler] Encrypted file does not exist. Initializing...
[2017-04-27][11:31:36.298000066][DEBUG][rust_keylock::file_handler] Directories created successfully
[2017-04-27][11:31:36.331007586][DEBUG][rust_keylock] Retrieved entries. Returning GoTo(Main) with 0 entries 
[2017-04-27][11:31:36.331043510][DEBUG][rust_keylock] UserSelection::GoTo(Menu::Main)
[2017-04-27][11:31:37.706680004][DEBUG][rust_keylock] UserSelection::GoTo(Menu::Main) returns GoTo(EntriesList)
[2017-04-27][11:31:37.706715448][DEBUG][rust_keylock] UserSelection::GoTo(Menu::EntriesList)
[2017-04-27][11:31:39.066963545][DEBUG][rust_keylock] UserSelection::GoTo(Menu::NewEntry)
[2017-04-27][11:31:40.699256441][DEBUG][rust_keylock] UserSelection::NewEntry(entry)
[2017-04-27][11:31:40.699345324][DEBUG][rust_keylock] UserSelection::GoTo(Menu::EntriesList)
[2017-04-27][11:31:42.443801027][DEBUG][rust_keylock] UserSelection::GoTo(Menu::Main)
[2017-04-27][11:31:43.204103789][DEBUG][rust_keylock] UserSelection::GoTo(Menu::Main) returns GoTo(Save)
[2017-04-27][11:31:43.204140267][DEBUG][rust_keylock] UserSelection::GoTo(Menu::Save)
[2017-04-27][11:31:43.204171604][INFO][rust_keylock::file_handler] Saving Entries in .sec
[2017-04-27][11:31:43.204223604][DEBUG][rust_keylock::file_handler] Encrypted entries
[2017-04-27][11:31:43.204305488][INFO][rust_keylock::file_handler] Entries saved in .sec. Syncing...
[2017-04-27][11:31:44.452159540][DEBUG][rust_keylock] UserSelection::GoTo(Menu::Main)
[2017-04-27][11:31:45.420360505][DEBUG][rust_keylock] UserSelection::GoTo(Menu::Main) returns GoTo(Exit)
[2017-04-27][11:31:45.420397723][DEBUG][rust_keylock] UserSelection::GoTo(Menu::Exit)
[2017-04-27][11:31:45.420408251][DEBUG][rust_keylock] UserSelection::GoTo(Menu::ForceExit)
[2017-04-27][11:31:45.420414202][INFO][rust_keylock] Exiting rust-keylock...
